kotlin version: 2.0.0
error message: org.jetbrains.kotlin.util.FileAnalysisException: While analysing /home/johnlavender/IdeaProjects/Megaman-Maverick/core/src/main/kotlin/entities/megaman/Megaman.kt:245:35: java.io.FileNotFoundException: /home/johnlavender/IdeaProjects/Megaman-Maverick/core/build/classes/kotlin/main/com/megaman/maverick/game/entities/megaman/MegamanUpgradeHandler.class (No such file or directory)
	at org.jetbrains.kotlin.util.AnalysisExceptionsKt.wrapIntoFileAnalysisExceptionIfNeeded(AnalysisExceptions.kt:56)
	at org.jetbrains.kotlin.fir.FirCliExceptionHandler.handleExceptionOnFileAnalysis(Utils.kt:180)
	at org.jetbrains.kotlin.fir.resolve.transformers.body.resolve.FirDeclarationsResolveTransformer.transformFile(FirDeclarationsResolveTransformer.kt:1590)
	at org.jetbrains.kotlin.fir.resolve.transformers.body.resolve.FirAbstractBodyResolveTransformerDispatcher.transformFile(FirAbstractBodyResolveTransformerDispatcher.kt:56)
	at org.jetbrains.kotlin.fir.resolve.transformers.body.resolve.FirAbstractBodyResolveTransformerDispatcher.transformFile(FirAbstractBodyResolveTransformerDispatcher.kt:24)
	at org.jetbrains.kotlin.fir.declarations.FirFile.transform(FirFile.kt:46)
	at org.jetbrains.kotlin.fir.resolve.transformers.body.resolve.FirImplicitTypeBodyResolveTransformerAdapter.transformFile(FirImplicitBodyResolve.kt:71)
	at org.jetbrains.kotlin.fir.declarations.FirFile.transform(FirFile.kt:46)
	at org.jetbrains.kotlin.fir.resolve.transformers.FirTransformerBasedResolveProcessor.processFile(FirResolveProcessor.kt:48)
	at org.jetbrains.kotlin.fir.resolve.transformers.FirTotalResolveProcessor.process(FirTotalResolveProcessor.kt:36)
	at org.jetbrains.kotlin.fir.pipeline.AnalyseKt.runResolution(analyse.kt:20)
	at org.jetbrains.kotlin.fir.pipeline.FirUtilsKt.resolveAndCheckFir(firUtils.kt:76)
	at org.jetbrains.kotlin.fir.pipeline.FirUtilsKt.buildResolveAndCheckFirViaLightTree(firUtils.kt:88)
	at org.jetbrains.kotlin.cli.jvm.compiler.pipeline.JvmCompilerPipelineKt.compileModuleToAnalyzedFir(jvmCompilerPipeline.kt:314)
	at org.jetbrains.kotlin.cli.jvm.compiler.pipeline.JvmCompilerPipelineKt.compileModulesUsingFrontendIrAndLightTree(jvmCompilerPipeline.kt:116)
	at org.jetbrains.kotlin.cli.jvm.K2JVMCompiler.doExecute(K2JVMCompiler.kt:155)
	at org.jetbrains.kotlin.cli.jvm.K2JVMCompiler.doExecute(K2JVMCompiler.kt:50)
	at org.jetbrains.kotlin.cli.common.CLICompiler.execImpl(CLICompiler.kt:104)
	at org.jetbrains.kotlin.cli.common.CLICompiler.execImpl(CLICompiler.kt:48)
	at org.jetbrains.kotlin.cli.common.CLITool.exec(CLITool.kt:101)
	at org.jetbrains.kotlin.incremental.IncrementalJvmCompilerRunner.runCompiler(IncrementalJvmCompilerRunner.kt:453)
	at org.jetbrains.kotlin.incremental.IncrementalJvmCompilerRunner.runCompiler(IncrementalJvmCompilerRunner.kt:62)
	at org.jetbrains.kotlin.incremental.IncrementalCompilerRunner.doCompile(IncrementalCompilerRunner.kt:506)
	at org.jetbrains.kotlin.incremental.IncrementalCompilerRunner.compileImpl(IncrementalCompilerRunner.kt:423)
	at org.jetbrains.kotlin.incremental.IncrementalCompilerRunner.tryCompileIncrementally$lambda$9$compile(IncrementalCompilerRunner.kt:249)
	at org.jetbrains.kotlin.incremental.IncrementalCompilerRunner.tryCompileIncrementally(IncrementalCompilerRunner.kt:267)
	at org.jetbrains.kotlin.incremental.IncrementalCompilerRunner.compile(IncrementalCompilerRunner.kt:120)
	at org.jetbrains.kotlin.daemon.CompileServiceImplBase.execIncrementalCompiler(CompileServiceImpl.kt:676)
	at org.jetbrains.kotlin.daemon.CompileServiceImplBase.access$execIncrementalCompiler(CompileServiceImpl.kt:92)
	at org.jetbrains.kotlin.daemon.CompileServiceImpl.compile(CompileServiceImpl.kt:1661)
	at java.base/jdk.internal.reflect.DirectMethodHandleAccessor.invoke(DirectMethodHandleAccessor.java:103)
	at java.base/java.lang.reflect.Method.invoke(Method.java:580)
	at java.rmi/sun.rmi.server.UnicastServerRef.dispatch(UnicastServerRef.java:360)
	at java.rmi/sun.rmi.transport.Transport$1.run(Transport.java:200)
	at java.rmi/sun.rmi.transport.Transport$1.run(Transport.java:197)
	at java.base/java.security.AccessController.doPrivileged(AccessController.java:714)
	at java.rmi/sun.rmi.transport.Transport.serviceCall(Transport.java:196)
	at java.rmi/sun.rmi.transport.tcp.TCPTransport.handleMessages(TCPTransport.java:598)
	at java.rmi/sun.rmi.transport.tcp.TCPTransport$ConnectionHandler.run0(TCPTransport.java:844)
	at java.rmi/sun.rmi.transport.tcp.TCPTransport$ConnectionHandler.lambda$run$0(TCPTransport.java:721)
	at java.base/java.security.AccessController.doPrivileged(AccessController.java:400)
	at java.rmi/sun.rmi.transport.tcp.TCPTransport$ConnectionHandler.run(TCPTransport.java:720)
	at java.base/java.util.concurrent.ThreadPoolExecutor.runWorker(ThreadPoolExecutor.java:1144)
	at java.base/java.util.concurrent.ThreadPoolExecutor$Worker.run(ThreadPoolExecutor.java:642)
	at java.base/java.lang.Thread.run(Thread.java:1575)
Caused by: java.io.FileNotFoundException: /home/johnlavender/IdeaProjects/Megaman-Maverick/core/build/classes/kotlin/main/com/megaman/maverick/game/entities/megaman/MegamanUpgradeHandler.class (No such file or directory)
	at java.base/java.io.FileInputStream.open0(Native Method)
	at java.base/java.io.FileInputStream.open(FileInputStream.java:219)
	at java.base/java.io.FileInputStream.<init>(FileInputStream.java:159)
	at org.jetbrains.kotlin.com.intellij.openapi.util.io.FileUtil.loadFileBytes(FileUtil.java:204)
	at org.jetbrains.kotlin.com.intellij.openapi.vfs.local.CoreLocalVirtualFile.contentsToByteArray(CoreLocalVirtualFile.java:98)
	at org.jetbrains.kotlin.cli.jvm.compiler.KotlinCliJavaFileManagerImpl.findClass(KotlinCliJavaFileManagerImpl.kt:127)
	at org.jetbrains.kotlin.resolve.jvm.KotlinJavaPsiFacade$CliFinder.findClass(KotlinJavaPsiFacade.java:538)
	at org.jetbrains.kotlin.resolve.jvm.KotlinJavaPsiFacade.findClass(KotlinJavaPsiFacade.java:181)
	at org.jetbrains.kotlin.load.java.JavaClassFinderImpl.findClass(JavaClassFinderImpl.kt:46)
	at org.jetbrains.kotlin.fir.java.FirJavaFacade.findClass(FirJavaFacade.kt:84)
	at org.jetbrains.kotlin.fir.java.deserialization.JvmClassFileBasedSymbolProvider.extractClassMetadata(JvmClassFileBasedSymbolProvider.kt:168)
	at org.jetbrains.kotlin.fir.deserialization.AbstractFirDeserializedSymbolProvider.findAndDeserializeClass(AbstractFirDeserializedSymbolProvider.kt:228)
	at org.jetbrains.kotlin.fir.deserialization.AbstractFirDeserializedSymbolProvider.classCache$lambda$5(AbstractFirDeserializedSymbolProvider.kt:162)
	at org.jetbrains.kotlin.fir.caches.FirThreadUnsafeCacheWithPostCompute.getValue(FirThreadUnsafeCachesFactory.kt:58)
	at org.jetbrains.kotlin.fir.deserialization.AbstractFirDeserializedSymbolProvider.getClass(AbstractFirDeserializedSymbolProvider.kt:314)
	at org.jetbrains.kotlin.fir.deserialization.AbstractFirDeserializedSymbolProvider.getClass$default(AbstractFirDeserializedSymbolProvider.kt:297)
	at org.jetbrains.kotlin.fir.deserialization.AbstractFirDeserializedSymbolProvider.getClassLikeSymbolByClassId(AbstractFirDeserializedSymbolProvider.kt:371)
	at org.jetbrains.kotlin.fir.resolve.providers.impl.FirCachingCompositeSymbolProvider.computeClass(FirCachingCompositeSymbolProvider.kt:147)
	at org.jetbrains.kotlin.fir.resolve.providers.impl.FirCachingCompositeSymbolProvider.access$computeClass(FirCachingCompositeSymbolProvider.kt:27)
	at org.jetbrains.kotlin.fir.resolve.providers.impl.FirCachingCompositeSymbolProvider$special$$inlined$createCache$1.invoke(FirCachesFactory.kt:71)
	at org.jetbrains.kotlin.fir.resolve.providers.impl.FirCachingCompositeSymbolProvider$special$$inlined$createCache$1.invoke(FirCachesFactory.kt:69)
	at org.jetbrains.kotlin.fir.caches.FirThreadUnsafeCache.getValue(FirThreadUnsafeCachesFactory.kt:40)
	at org.jetbrains.kotlin.fir.resolve.providers.impl.FirCachingCompositeSymbolProvider.getClassLikeSymbolByClassId(FirCachingCompositeSymbolProvider.kt:174)
	at org.jetbrains.kotlin.fir.scopes.impl.FirPackageMemberScope.processClassifiersByNameWithSubstitution(FirPackageMemberScope.kt:42)
	at org.jetbrains.kotlin.fir.resolve.calls.ConstructorProcessingKt.getFirstClassifierOrNull(ConstructorProcessing.kt:181)
	at org.jetbrains.kotlin.fir.resolve.calls.ConstructorProcessingKt.processConstructorsByName(ConstructorProcessing.kt:42)
	at org.jetbrains.kotlin.fir.resolve.calls.ConstructorProcessingKt.processFunctionsAndConstructorsByName(ConstructorProcessing.kt:68)
	at org.jetbrains.kotlin.fir.resolve.calls.tower.ScopeTowerLevel.processFunctionsByName(TowerLevels.kt:460)
	at org.jetbrains.kotlin.fir.resolve.calls.tower.TowerLevelHandler.handleLevel(TowerLevelHandler.kt:61)
	at org.jetbrains.kotlin.fir.resolve.calls.tower.FirBaseTowerResolveTask.processLevel(FirTowerResolveTask.kt:203)
	at org.jetbrains.kotlin.fir.resolve.calls.tower.FirBaseTowerResolveTask.access$processLevel(FirTowerResolveTask.kt:60)
	at org.jetbrains.kotlin.fir.resolve.calls.tower.FirBaseTowerResolveTask$processLevel$3.invokeSuspend(FirTowerResolveTask.kt)
	at kotlin.coroutines.jvm.internal.BaseContinuationImpl.resumeWith(ContinuationImpl.kt:33)
	at org.jetbrains.kotlin.fir.resolve.calls.tower.TowerResolveManager.resumeTask(TowerResolveManager.kt:77)
	at org.jetbrains.kotlin.fir.resolve.calls.tower.TowerResolveManager.runTasks(TowerResolveManager.kt:83)
	at org.jetbrains.kotlin.fir.resolve.calls.tower.FirTowerResolver.runResolver(FirTowerResolver.kt:46)
	at org.jetbrains.kotlin.fir.resolve.calls.tower.FirTowerResolver.runResolver(FirTowerResolver.kt:33)
	at org.jetbrains.kotlin.fir.FirCallResolver.collectCandidates(FirCallResolver.kt:197)
	at org.jetbrains.kotlin.fir.FirCallResolver.collectCandidates$default(FirCallResolver.kt:165)
	at org.jetbrains.kotlin.fir.FirCallResolver.resolveCallAndSelectCandidate(FirCallResolver.kt:80)
	at org.jetbrains.kotlin.fir.resolve.transformers.body.resolve.FirExpressionsResolveTransformer.transformFunctionCallInternal$resolve(FirExpressionsResolveTransformer.kt:490)
	at org.jetbrains.kotlin.fir.resolve.transformers.body.resolve.FirExpressionsResolveTransformer.transformFunctionCall(FirExpressionsResolveTransformer.kt:426)
	at org.jetbrains.kotlin.fir.resolve.transformers.body.resolve.FirAbstractBodyResolveTransformerDispatcher.transformFunctionCall(FirAbstractBodyResolveTransformerDispatcher.kt:163)
	at org.jetbrains.kotlin.fir.resolve.transformers.body.resolve.FirAbstractBodyResolveTransformerDispatcher.transformFunctionCall(FirAbstractBodyResolveTransformerDispatcher.kt:24)
	at org.jetbrains.kotlin.fir.expressions.FirFunctionCall.transform(FirFunctionCall.kt:45)
	at org.jetbrains.kotlin.fir.declarations.impl.FirPropertyImpl.transformInitializer(FirPropertyImpl.kt:116)
	at org.jetbrains.kotlin.fir.declarations.impl.FirPropertyImpl.transformInitializer(FirPropertyImpl.kt:32)
	at org.jetbrains.kotlin.fir.resolve.transformers.body.resolve.FirDeclarationsResolveTransformer.transformProperty(FirDeclarationsResolveTransformer.kt:169)
	at org.jetbrains.kotlin.fir.resolve.transformers.body.resolve.FirAbstractBodyResolveTransformerDispatcher.transformProperty(FirAbstractBodyResolveTransformerDispatcher.kt:466)
	at org.jetbrains.kotlin.fir.resolve.transformers.body.resolve.FirImplicitAwareBodyResolveTransformer.transformProperty$lambda$1(FirImplicitBodyResolve.kt:160)
	at org.jetbrains.kotlin.fir.resolve.transformers.body.resolve.ImplicitBodyResolveComputationSession.executeTransformation(FirImplicitBodyResolve.kt:407)
	at org.jetbrains.kotlin.fir.resolve.transformers.body.resolve.ImplicitBodyResolveComputationSession.compute$resolve(FirImplicitBodyResolve.kt:412)
	at org.jetbrains.kotlin.fir.resolve.transformers.body.resolve.FirImplicitAwareBodyResolveTransformer.computeCachedTransformationResult(FirImplicitBodyResolve.kt:187)
	at org.jetbrains.kotlin.fir.resolve.transformers.body.resolve.FirImplicitAwareBodyResolveTransformer.transformProperty(FirImplicitBodyResolve.kt:159)
	at org.jetbrains.kotlin.fir.resolve.transformers.body.resolve.FirImplicitAwareBodyResolveTransformer.transformProperty(FirImplicitBodyResolve.kt:116)
	at org.jetbrains.kotlin.fir.declarations.FirProperty.transform(FirProperty.kt:62)
	at org.jetbrains.kotlin.fir.visitors.FirTransformerUtilKt.transformInplace(FirTransformerUtil.kt:20)
	at org.jetbrains.kotlin.fir.declarations.impl.FirRegularClassImpl.transformDeclarations(FirRegularClassImpl.kt:90)
	at org.jetbrains.kotlin.fir.declarations.impl.FirRegularClassImpl.transformDeclarations(FirRegularClassImpl.kt:29)
	at org.jetbrains.kotlin.fir.resolve.transformers.body.resolve.FirImplicitAwareBodyResolveTransformer.transformDeclarationContent(FirImplicitBodyResolve.kt:144)
	at org.jetbrains.kotlin.fir.resolve.transformers.body.resolve.FirDeclarationsResolveTransformer.transformDeclarationContent(FirDeclarationsResolveTransformer.kt:78)
	at org.jetbrains.kotlin.fir.resolve.transformers.body.resolve.FirDeclarationsResolveTransformer.doTransformRegularClass$lambda$53(FirDeclarationsResolveTransformer.kt:761)
	at org.jetbrains.kotlin.fir.resolve.transformers.body.resolve.FirDeclarationsResolveTransformer.withRegularClass$lambda$54(FirDeclarationsResolveTransformer.kt:770)
	at org.jetbrains.kotlin.fir.resolve.transformers.body.resolve.BodyResolveContext.withRegularClass$lambda$16$lambda$15(BodyResolveContext.kt:1559)
	at org.jetbrains.kotlin.fir.resolve.transformers.body.resolve.BodyResolveContext.withScopesForClass(BodyResolveContext.kt:535)
	at org.jetbrains.kotlin.fir.resolve.transformers.body.resolve.BodyResolveContext.withRegularClass(BodyResolveContext.kt:433)
	at org.jetbrains.kotlin.fir.resolve.transformers.body.resolve.FirDeclarationsResolveTransformer.withRegularClass(FirDeclarationsResolveTransformer.kt:769)
	at org.jetbrains.kotlin.fir.resolve.transformers.body.resolve.FirDeclarationsResolveTransformer.doTransformRegularClass(FirDeclarationsResolveTransformer.kt:760)
	at org.jetbrains.kotlin.fir.resolve.transformers.body.resolve.FirDeclarationsResolveTransformer.transformRegularClass(FirDeclarationsResolveTransformer.kt:681)
	at org.jetbrains.kotlin.fir.resolve.transformers.body.resolve.FirAbstractBodyResolveTransformerDispatcher.transformRegularClass(FirAbstractBodyResolveTransformerDispatcher.kt:502)
	at org.jetbrains.kotlin.fir.resolve.transformers.body.resolve.FirAbstractBodyResolveTransformerDispatcher.transformRegularClass(FirAbstractBodyResolveTransformerDispatcher.kt:24)
	at org.jetbrains.kotlin.fir.declarations.FirRegularClass.transform(FirRegularClass.kt:52)
	at org.jetbrains.kotlin.fir.visitors.FirTransformerUtilKt.transformInplace(FirTransformerUtil.kt:20)
	at org.jetbrains.kotlin.fir.declarations.impl.FirFileImpl.transformDeclarations(FirFileImpl.kt:79)
	at org.jetbrains.kotlin.fir.declarations.impl.FirFileImpl.transformChildren(FirFileImpl.kt:64)
	at org.jetbrains.kotlin.fir.declarations.impl.FirFileImpl.transformChildren(FirFileImpl.kt:28)
	at org.jetbrains.kotlin.fir.resolve.transformers.body.resolve.FirAbstractBodyResolveTransformerDispatcher.transformElement(FirAbstractBodyResolveTransformerDispatcher.kt:79)
	at org.jetbrains.kotlin.fir.resolve.transformers.body.resolve.FirAbstractBodyResolveTransformerDispatcher.transformDeclarationContent(FirAbstractBodyResolveTransformerDispatcher.kt:430)
	at org.jetbrains.kotlin.fir.resolve.transformers.body.resolve.FirImplicitAwareBodyResolveTransformer.transformDeclarationContent(FirImplicitBodyResolve.kt:146)
	at org.jetbrains.kotlin.fir.resolve.transformers.body.resolve.FirDeclarationsResolveTransformer.transformDeclarationContent(FirDeclarationsResolveTransformer.kt:78)
	at org.jetbrains.kotlin.fir.resolve.transformers.body.resolve.FirDeclarationsResolveTransformer.doTransformFile$lambda$51(FirDeclarationsResolveTransformer.kt:733)
	at org.jetbrains.kotlin.fir.resolve.transformers.body.resolve.FirDeclarationsResolveTransformer.withFile(FirDeclarationsResolveTransformer.kt:746)
	at org.jetbrains.kotlin.fir.resolve.transformers.body.resolve.FirDeclarationsResolveTransformer.doTransformFile(FirDeclarationsResolveTransformer.kt:732)
	at org.jetbrains.kotlin.fir.resolve.transformers.body.resolve.FirDeclarationsResolveTransformer.transformFile(FirDeclarationsResolveTransformer.kt:659)
	... 42 more


